{"D:\\Code\\bookStore\\src\\utils\\sum.ts": {"path":"D:\\Code\\bookStore\\src\\utils\\sum.ts","statementMap":{"0":{"start":{"line":2,"column":2},"end":{"line":2,"column":null}},"1":{"start":{"line":5,"column":2},"end":{"line":5,"column":null}},"2":{"start":{"line":9,"column":2},"end":{"line":11,"column":null}},"3":{"start":{"line":10,"column":4},"end":{"line":10,"column":null}},"4":{"start":{"line":12,"column":2},"end":{"line":12,"column":null}},"5":{"start":{"line":16,"column":2},"end":{"line":16,"column":null}}},"fnMap":{"0":{"name":"sum","decl":{"start":{"line":1,"column":10},"end":{"line":1,"column":14}},"loc":{"start":{"line":1,"column":44},"end":{"line":3,"column":null}},"line":1},"1":{"name":"multiply","decl":{"start":{"line":4,"column":9},"end":{"line":4,"column":18}},"loc":{"start":{"line":4,"column":48},"end":{"line":6,"column":null}},"line":4},"2":{"name":"divide","decl":{"start":{"line":8,"column":9},"end":{"line":8,"column":16}},"loc":{"start":{"line":8,"column":46},"end":{"line":13,"column":null}},"line":8},"3":{"name":"subtract","decl":{"start":{"line":15,"column":9},"end":{"line":15,"column":18}},"loc":{"start":{"line":15,"column":48},"end":{"line":17,"column":null}},"line":15}},"branchMap":{"0":{"loc":{"start":{"line":9,"column":2},"end":{"line":11,"column":null}},"type":"if","locations":[{"start":{"line":9,"column":2},"end":{"line":11,"column":null}},{"start":{},"end":{}}],"line":9}},"s":{"0":2,"1":2,"2":3,"3":2,"4":1,"5":0},"f":{"0":2,"1":2,"2":3,"3":0},"b":{"0":[2,1]},"meta":{"lastBranch":1,"lastFunction":4,"lastStatement":6,"seen":{"f:1:10:1:14":0,"s:2:2:2:Infinity":0,"f:4:9:4:18":1,"s:5:2:5:Infinity":1,"f:8:9:8:16":2,"b:9:2:11:Infinity:undefined:undefined:undefined:undefined":0,"s:9:2:11:Infinity":2,"s:10:4:10:Infinity":3,"s:12:2:12:Infinity":4,"f:15:9:15:18":3,"s:16:2:16:Infinity":5}}}
,"D:\\Code\\bookStore\\src\\views\\SalesChart.vue": {"path":"D:\\Code\\bookStore\\src\\views\\SalesChart.vue","statementMap":{"0":{"start":{"line":14,"column":0},"end":{"line":14,"column":null}},"1":{"start":{"line":15,"column":0},"end":{"line":15,"column":null}},"2":{"start":{"line":22,"column":0},"end":{"line":22,"column":null}},"3":{"start":{"line":27,"column":0},"end":{"line":85,"column":null}},"4":{"start":{"line":88,"column":0},"end":{"line":96,"column":null}},"5":{"start":{"line":90,"column":4},"end":{"line":92,"column":null}},"6":{"start":{"line":91,"column":8},"end":{"line":91,"column":null}},"7":{"start":{"line":92,"column":8},"end":{"line":92,"column":null}},"8":{"start":{"line":95,"column":4},"end":{"line":95,"column":null}},"9":{"start":{"line":96,"column":4},"end":{"line":96,"column":33}},"10":{"start":{"line":99,"column":0},"end":{"line":100,"column":null}},"11":{"start":{"line":100,"column":4},"end":{"line":100,"column":20}},"12":{"start":{"line":103,"column":0},"end":{"line":108,"column":null}},"13":{"start":{"line":105,"column":4},"end":{"line":107,"column":null}},"14":{"start":{"line":106,"column":8},"end":{"line":106,"column":null}},"15":{"start":{"line":107,"column":8},"end":{"line":107,"column":54}},"16":{"start":{"line":113,"column":0},"end":{"line":120,"column":null}},"17":{"start":{"line":113,"column":0},"end":{"line":113,"column":null}},"18":{"start":{"line":114,"column":4},"end":{"line":119,"column":null}},"19":{"start":{"line":115,"column":8},"end":{"line":118,"column":null}},"20":{"start":{"line":123,"column":0},"end":{"line":126,"column":null}},"21":{"start":{"line":125,"column":4},"end":{"line":125,"column":null}},"22":{"start":{"line":126,"column":4},"end":{"line":126,"column":21}}},"fnMap":{"0":{"name":"(anonymous_0)","decl":{"start":{"line":27,"column":0},"end":{"line":27,"column":40}},"loc":{"start":{"line":27,"column":0},"end":{"line":85,"column":null}},"line":27},"1":{"name":"(anonymous_1)","decl":{"start":{"line":88,"column":0},"end":{"line":88,"column":null}},"loc":{"start":{"line":88,"column":0},"end":{"line":96,"column":null}},"line":88},"2":{"name":"(anonymous_2)","decl":{"start":{"line":99,"column":0},"end":{"line":99,"column":null}},"loc":{"start":{"line":99,"column":0},"end":{"line":100,"column":null}},"line":99},"3":{"name":"(anonymous_3)","decl":{"start":{"line":103,"column":0},"end":{"line":103,"column":null}},"loc":{"start":{"line":103,"column":0},"end":{"line":108,"column":null}},"line":103},"4":{"name":"(anonymous_4)","decl":{"start":{"line":105,"column":4},"end":{"line":105,"column":null}},"loc":{"start":{"line":105,"column":4},"end":{"line":107,"column":null}},"line":105},"5":{"name":"(anonymous_5)","decl":{"start":{"line":113,"column":0},"end":{"line":113,"column":null}},"loc":{"start":{"line":113,"column":0},"end":{"line":113,"column":null}},"line":113},"6":{"name":"(anonymous_6)","decl":{"start":{"line":123,"column":0},"end":{"line":123,"column":null}},"loc":{"start":{"line":123,"column":0},"end":{"line":126,"column":null}},"line":123}},"branchMap":{"0":{"loc":{"start":{"line":90,"column":4},"end":{"line":92,"column":null}},"type":"if","locations":[{"start":{"line":90,"column":4},"end":{"line":92,"column":null}},{"start":{},"end":{}}],"line":90},"1":{"loc":{"start":{"line":114,"column":4},"end":{"line":119,"column":null}},"type":"if","locations":[{"start":{"line":114,"column":4},"end":{"line":119,"column":null}},{"start":{},"end":{}}],"line":114},"2":{"loc":{"start":{"line":5,"column":10},"end":{"line":3,"column":23}},"type":"binary-expr","locations":[{"start":{"line":5,"column":10},"end":{"line":5,"column":null}},{"start":{"line":5,"column":10},"end":{"line":3,"column":23}}],"line":5}},"s":{"0":4,"1":4,"2":4,"3":4,"4":4,"5":4,"6":0,"7":0,"8":4,"9":4,"10":4,"11":0,"12":4,"13":4,"14":4,"15":4,"16":4,"17":5,"18":1,"19":1,"20":4,"21":4,"22":4},"f":{"0":4,"1":4,"2":0,"3":4,"4":4,"5":6,"6":4},"b":{"0":[0,4],"1":[1,0],"2":[5,4]},"meta":{"lastBranch":0,"lastFunction":0,"lastStatement":0,"seen":{}}}
,"D:\\Code\\bookStore\\src\\views\\Tests1.vue": {"path":"D:\\Code\\bookStore\\src\\views\\Tests1.vue","statementMap":{"0":{"start":{"line":55,"column":0},"end":{"line":70,"column":null}},"1":{"start":{"line":73,"column":0},"end":{"line":76,"column":null}},"2":{"start":{"line":75,"column":0},"end":{"line":75,"column":null}},"3":{"start":{"line":79,"column":0},"end":{"line":90,"column":null}},"4":{"start":{"line":81,"column":0},"end":{"line":89,"column":null}},"5":{"start":{"line":82,"column":0},"end":{"line":88,"column":null}},"6":{"start":{"line":86,"column":0},"end":{"line":86,"column":null}},"7":{"start":{"line":87,"column":0},"end":{"line":87,"column":null}},"8":{"start":{"line":93,"column":0},"end":{"line":122,"column":null}},"9":{"start":{"line":94,"column":0},"end":{"line":121,"column":null}},"10":{"start":{"line":105,"column":0},"end":{"line":116,"column":null}},"11":{"start":{"line":107,"column":0},"end":{"line":107,"column":null}},"12":{"start":{"line":110,"column":0},"end":{"line":110,"column":null}},"13":{"start":{"line":112,"column":0},"end":{"line":112,"column":null}},"14":{"start":{"line":114,"column":0},"end":{"line":114,"column":null}},"15":{"start":{"line":115,"column":0},"end":{"line":115,"column":null}},"16":{"start":{"line":120,"column":0},"end":{"line":120,"column":null}},"17":{"start":{"line":125,"column":0},"end":{"line":127,"column":null}},"18":{"start":{"line":126,"column":0},"end":{"line":126,"column":null}}},"fnMap":{"0":{"name":"(anonymous_0)","decl":{"start":{"line":73,"column":0},"end":{"line":73,"column":null}},"loc":{"start":{"line":73,"column":0},"end":{"line":76,"column":null}},"line":73},"1":{"name":"(anonymous_1)","decl":{"start":{"line":79,"column":0},"end":{"line":79,"column":null}},"loc":{"start":{"line":79,"column":0},"end":{"line":90,"column":null}},"line":79},"2":{"name":"(anonymous_2)","decl":{"start":{"line":81,"column":0},"end":{"line":81,"column":null}},"loc":{"start":{"line":81,"column":0},"end":{"line":89,"column":null}},"line":81},"3":{"name":"(anonymous_3)","decl":{"start":{"line":82,"column":0},"end":{"line":82,"column":null}},"loc":{"start":{"line":82,"column":0},"end":{"line":88,"column":null}},"line":82},"4":{"name":"(anonymous_4)","decl":{"start":{"line":93,"column":0},"end":{"line":93,"column":null}},"loc":{"start":{"line":93,"column":0},"end":{"line":122,"column":null}},"line":93},"5":{"name":"(anonymous_5)","decl":{"start":{"line":104,"column":0},"end":{"line":104,"column":null}},"loc":{"start":{"line":104,"column":0},"end":{"line":117,"column":null}},"line":104},"6":{"name":"(anonymous_6)","decl":{"start":{"line":110,"column":0},"end":{"line":110,"column":null}},"loc":{"start":{"line":110,"column":0},"end":{"line":110,"column":null}},"line":110},"7":{"name":"(anonymous_7)","decl":{"start":{"line":118,"column":0},"end":{"line":118,"column":null}},"loc":{"start":{"line":118,"column":0},"end":{"line":121,"column":null}},"line":118},"8":{"name":"(anonymous_8)","decl":{"start":{"line":125,"column":0},"end":{"line":125,"column":null}},"loc":{"start":{"line":125,"column":0},"end":{"line":127,"column":null}},"line":125}},"branchMap":{},"s":{"0":3,"1":3,"2":3,"3":3,"4":1,"5":1,"6":1,"7":1,"8":3,"9":2,"10":1,"11":1,"12":2,"13":1,"14":0,"15":0,"16":1,"17":3,"18":3},"f":{"0":3,"1":1,"2":1,"3":1,"4":2,"5":1,"6":2,"7":1,"8":3},"b":{},"meta":{"lastBranch":0,"lastFunction":0,"lastStatement":0,"seen":{}}}
}
